app/build/outputs/logs/manifest-merger-debug-report.txt
-- Merging decision tree log ---
manifest
ADDED from src/main/AndroidManifest.xml:2:1-31:12
	package
		ADDED from src/main/AndroidManifest.xml:3:5-50
		INJECTED from src/main/AndroidManifest.xml
		INJECTED from src/main/AndroidManifest.xml
	android:versionName
		INJECTED from src/main/AndroidManifest.xml
		INJECTED from src/main/AndroidManifest.xml
	xmlns:android
		ADDED from src/main/AndroidManifest.xml:2:11-69
	android:versionCode
		INJECTED from src/main/AndroidManifest.xml
		INJECTED from src/main/AndroidManifest.xml
uses-permission#android.permission.INTERNET
ADDED from src/main/AndroidManifest.xml:5:5-67
MERGED from [com.mixpanel.android:mixpanel-android:4.6.4] AndroidManifest.xml:17:5-67
MERGED from [com.mixpanel.android:mixpanel-android:4.6.4] AndroidManifest.xml:17:5-67
MERGED from [com.mixpanel.android:mixpanel-android:4.6.4] AndroidManifest.xml:17:5-67
	android:name
		ADDED from src/main/AndroidManifest.xml:5:22-64
uses-permission#android.permission.ACCESS_NETWORK_STATE
ADDED from src/main/AndroidManifest.xml:6:5-78
MERGED from [com.payu.custombrowser:payu-custom-browser:5.3.1] AndroidManifest.xml:11:5-79
	android:name
		ADDED from src/main/AndroidManifest.xml:6:22-76
uses-permission#android.permission.RECEIVE_SMS
ADDED from src/main/AndroidManifest.xml:7:5-69
MERGED from [com.payu.custombrowser:payu-custom-browser:5.3.1] AndroidManifest.xml:12:5-14:47
	android:protectionLevel
		ADDED from [com.payu.custombrowser:payu-custom-browser:5.3.1] AndroidManifest.xml:14:9-44
	android:name
		ADDED from src/main/AndroidManifest.xml:7:22-67
uses-permission#android.permission.READ_SMS
ADDED from src/main/AndroidManifest.xml:8:5-66
	android:name
		ADDED from src/main/AndroidManifest.xml:8:22-64
application
ADDED from src/main/AndroidManifest.xml:12:5-29:19
MERGED from [com.android.support:appcompat-v7:23.0.1] AndroidManifest.xml:22:5-20
MERGED from [com.android.support:support-v4:23.0.1] AndroidManifest.xml:22:5-20
MERGED from [com.android.support:appcompat-v7:23.0.1] AndroidManifest.xml:22:5-20
MERGED from [com.android.support:support-v4:23.0.1] AndroidManifest.xml:22:5-20
MERGED from [com.mixpanel.android:mixpanel-android:4.6.4] AndroidManifest.xml:44:5-124:19
MERGED from [com.payu.magicretry:magicretry:1.0.0] AndroidManifest.xml:11:5-13:44
MERGED from [com.android.support:appcompat-v7:23.0.1] AndroidManifest.xml:22:5-20
MERGED from [com.android.support:support-v4:23.0.1] AndroidManifest.xml:22:5-20
MERGED from [com.mixpanel.android:mixpanel-android:4.6.4] AndroidManifest.xml:44:5-124:19
MERGED from [com.payu.magicretry:magicretry:1.0.0] AndroidManifest.xml:11:5-13:44
MERGED from [com.android.support:appcompat-v7:23.0.1] AndroidManifest.xml:22:5-20
MERGED from [com.android.support:support-v4:23.0.1] AndroidManifest.xml:22:5-20
MERGED from [com.mixpanel.android:mixpanel-android:4.6.4] AndroidManifest.xml:44:5-124:19
	android:label
		ADDED from src/main/AndroidManifest.xml:15:9-41
	tools:ignore
		ADDED from [com.mixpanel.android:mixpanel-android:4.6.4] AndroidManifest.xml:44:18-44
	android:allowBackup
		ADDED from src/main/AndroidManifest.xml:13:9-35
	android:icon
		ADDED from src/main/AndroidManifest.xml:14:9-43
	android:theme
		ADDED from src/main/AndroidManifest.xml:16:9-40
activity#com.example.payu.webportalsampleapp.MainActivity
ADDED from src/main/AndroidManifest.xml:17:9-25:20
	android:label
		ADDED from src/main/AndroidManifest.xml:19:13-45
	android:name
		ADDED from src/main/AndroidManifest.xml:18:13-41
intent-filter#android.intent.action.MAIN+android.intent.category.LAUNCHER
ADDED from src/main/AndroidManifest.xml:20:13-24:29
action#android.intent.action.MAIN
ADDED from src/main/AndroidManifest.xml:21:17-69
	android:name
		ADDED from src/main/AndroidManifest.xml:21:25-66
category#android.intent.category.LAUNCHER
ADDED from src/main/AndroidManifest.xml:23:17-77
	android:name
		ADDED from src/main/AndroidManifest.xml:23:27-74
activity#com.example.payu.webportalsampleapp.PaymentsActivity
ADDED from src/main/AndroidManifest.xml:27:9-28:25
	android:name
		ADDED from src/main/AndroidManifest.xml:27:19-51
uses-sdk
INJECTED from src/main/AndroidManifest.xml reason: use-sdk injection requested
MERGED from [com.android.support:appcompat-v7:23.0.1] AndroidManifest.xml:20:5-43
MERGED from [com.android.support:support-v4:23.0.1] AndroidManifest.xml:20:5-43
MERGED from [com.payu.custombrowser:payu-custom-browser:5.3.1] AndroidManifest.xml:7:5-9:41
MERGED from [com.android.support:appcompat-v7:23.0.1] AndroidManifest.xml:20:5-43
MERGED from [com.android.support:support-v4:23.0.1] AndroidManifest.xml:20:5-43
MERGED from [com.mixpanel.android:mixpanel-android:4.6.4] AndroidManifest.xml:11:5-14:42
MERGED from [com.payu.magicretry:magicretry:1.0.0] AndroidManifest.xml:7:5-9:41
MERGED from [com.android.support:appcompat-v7:23.0.1] AndroidManifest.xml:20:5-43
MERGED from [com.android.support:support-v4:23.0.1] AndroidManifest.xml:20:5-43
MERGED from [com.mixpanel.android:mixpanel-android:4.6.4] AndroidManifest.xml:11:5-14:42
MERGED from [com.payu.magicretry:magicretry:1.0.0] AndroidManifest.xml:7:5-9:41
MERGED from [com.android.support:appcompat-v7:23.0.1] AndroidManifest.xml:20:5-43
MERGED from [com.android.support:support-v4:23.0.1] AndroidManifest.xml:20:5-43
MERGED from [com.mixpanel.android:mixpanel-android:4.6.4] AndroidManifest.xml:11:5-14:42
	android:targetSdkVersion
		INJECTED from src/main/AndroidManifest.xml
		INJECTED from src/main/AndroidManifest.xml
	tools:ignore
		ADDED from [com.mixpanel.android:mixpanel-android:4.6.4] AndroidManifest.xml:14:9-39
	android:minSdkVersion
		INJECTED from src/main/AndroidManifest.xml
		INJECTED from src/main/AndroidManifest.xml